[debug] [2022-07-11T13:29:58.849Z] ----------------------------------------------------------------------
[debug] [2022-07-11T13:29:58.853Z] Command:       C:\Program Files (x86)\nodejs\node.exe C:\Users\ARNAUD\AppData\Roaming\npm\node_modules\firebase-tools\lib\bin\firebase.js init
[debug] [2022-07-11T13:29:58.854Z] CLI Version:   11.1.0
[debug] [2022-07-11T13:29:58.855Z] Platform:      win32
[debug] [2022-07-11T13:29:58.855Z] Node Version:  v16.15.0
[debug] [2022-07-11T13:29:58.856Z] Time:          Mon Jul 11 2022 16:29:58 GMT+0300 (East Africa Time)
[debug] [2022-07-11T13:29:58.856Z] ----------------------------------------------------------------------
[debug] 
[debug] [2022-07-11T13:29:58.870Z] > command requires scopes: ["email","openid","https://www.googleapis.com/auth/cloudplatformprojects.readonly","https://www.googleapis.com/auth/firebase","https://www.googleapis.com/auth/cloud-platform"]
[debug] [2022-07-11T13:29:58.871Z] > authorizing via signed-in user (lugeyoarnaudalg04@gmail.com)
[info] 
     ######## #### ########  ######## ########     ###     ######  ########
     ##        ##  ##     ## ##       ##     ##  ##   ##  ##       ##
     ######    ##  ########  ######   ########  #########  ######  ######
     ##        ##  ##    ##  ##       ##     ## ##     ##       ## ##
     ##       #### ##     ## ######## ########  ##     ##  ######  ########

You're about to initialize a Firebase project in this directory:

  E:\websites\AL-TECH

[info] 
=== Project Setup
[info] 
[info] First, let's associate this project directory with a Firebase project.
[info] You can create multiple project aliases by running firebase use --add, 
[info] but for now we'll just set up a default project.
[info] 
[debug] [2022-07-11T13:30:12.667Z] > refreshing access token with scopes: []
[debug] [2022-07-11T13:30:12.671Z] >>> [apiv2][query] POST https://www.googleapis.com/oauth2/v3/token [none]
[debug] [2022-07-11T13:30:12.671Z] >>> [apiv2][body] POST https://www.googleapis.com/oauth2/v3/token [omitted]
[debug] [2022-07-11T13:30:13.299Z] <<< [apiv2][status] POST https://www.googleapis.com/oauth2/v3/token 200
[debug] [2022-07-11T13:30:13.299Z] <<< [apiv2][body] POST https://www.googleapis.com/oauth2/v3/token [omitted]
[debug] [2022-07-11T13:30:13.337Z] >>> [apiv2][query] GET https://firebase.googleapis.com/v1beta1/projects pageSize=100
[debug] [2022-07-11T13:30:14.252Z] <<< [apiv2][status] GET https://firebase.googleapis.com/v1beta1/projects 200
[debug] [2022-07-11T13:30:14.253Z] <<< [apiv2][body] GET https://firebase.googleapis.com/v1beta1/projects [omitted]
[info] i  Using project form-5423e (Form) 
[info] 
=== Hosting Setup
[info] 
[info] Your public directory is the folder (relative to your project directory) that
[info] will contain Hosting assets to be uploaded with firebase deploy. If you
[info] have a build process for your assets, use your build's output directory.
[info] 
[debug] [2022-07-11T13:31:10.013Z] >>> [apiv2][query] GET https://www.gstatic.com/firebasejs/releases.json [none]
[debug] [2022-07-11T13:31:10.453Z] <<< [apiv2][status] GET https://www.gstatic.com/firebasejs/releases.json 200
[debug] [2022-07-11T13:31:10.453Z] <<< [apiv2][body] GET https://www.gstatic.com/firebasejs/releases.json {"current":{"version":"9.9.0","browserURL":"https://www.gstatic.com/firebasejs/9.9.0/firebase.js","packageURL":"https://www.gstatic.com/firebasejs/9.9.0/firebase.tgz"},"live":{"version":"9.9","browserURL":"https://www.gstatic.com/firebasejs/live/9.9/firebase.js","packageURL":"https://www.gstatic.com/firebasejs/live/9.9/firebase.tgz"},"components":{"analytics":"https://www.gstatic.com/firebasejs/9.9.0/firebase-analytics.js","app":"https://www.gstatic.com/firebasejs/9.9.0/firebase-app.js","app-check":"https://www.gstatic.com/firebasejs/9.9.0/firebase-app-check.js","auth":"https://www.gstatic.com/firebasejs/9.9.0/firebase-auth.js","auth/cordova":"https://www.gstatic.com/firebasejs/9.9.0/firebase-auth/cordova.js","auth/react-native":"https://www.gstatic.com/firebasejs/9.9.0/firebase-auth/react-native.js","functions":"https://www.gstatic.com/firebasejs/9.9.0/firebase-functions.js","firestore":"https://www.gstatic.com/firebasejs/9.9.0/firebase-firestore.js","firestore/lite":"https://www.gstatic.com/firebasejs/9.9.0/firebase-firestore/lite.js","installations":"https://www.gstatic.com/firebasejs/9.9.0/firebase-installations.js","storage":"https://www.gstatic.com/firebasejs/9.9.0/firebase-storage.js","performance":"https://www.gstatic.com/firebasejs/9.9.0/firebase-performance.js","remote-config":"https://www.gstatic.com/firebasejs/9.9.0/firebase-remote-config.js","messaging":"https://www.gstatic.com/firebasejs/9.9.0/firebase-messaging.js","messaging/sw":"https://www.gstatic.com/firebasejs/9.9.0/firebase-messaging/sw.js","database":"https://www.gstatic.com/firebasejs/9.9.0/firebase-database.js","firestore.memory":"https://www.gstatic.com/firebasejs/9.9.0/firebase-firestore.memory.js"}}
[info] +  Wrote public/index.html 
[info] 
[info] i  Didn't detect a .git folder. Assuming E:\websites\AL-TECH is the project root. 
[info] i  Authorizing with GitHub to upload your service account to a GitHub repository's secrets store. 
[info] 
[info] Visit this URL on this device to log in:
[info] https://github.com/login/oauth/authorize?client_id=89cf50f02ac6aaed3484&state=777566348&redirect_uri=http%3A%2F%2Flocalhost%3A9005&scope=read%3Auser%20repo%20public_repo
[info] 
[info] Waiting for authentication...
[debug] [2022-07-11T13:31:19.525Z] >>> [apiv2][query] POST https://github.com/login/oauth/access_token [none]
[debug] [2022-07-11T13:31:19.525Z] >>> [apiv2][body] POST https://github.com/login/oauth/access_token [stream]
[debug] [2022-07-11T13:31:20.767Z] <<< [apiv2][status] POST https://github.com/login/oauth/access_token 200
[debug] [2022-07-11T13:31:20.767Z] <<< [apiv2][body] POST https://github.com/login/oauth/access_token {"access_token":"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","token_type":"bearer","scope":"read:user,repo"}
[debug] [2022-07-11T13:31:20.789Z] >>> [apiv2][query] GET https://api.github.com/user [none]
[debug] [2022-07-11T13:31:22.078Z] <<< [apiv2][status] GET https://api.github.com/user 200
[debug] [2022-07-11T13:31:22.078Z] <<< [apiv2][body] GET https://api.github.com/user {"login":"Lugeyoalg","id":95719790,"node_id":"U_kgDOBbSRbg","avatar_url":"https://avatars.githubusercontent.com/u/95719790?v=4","gravatar_id":"","url":"https://api.github.com/users/Lugeyoalg","html_url":"https://github.com/Lugeyoalg","followers_url":"https://api.github.com/users/Lugeyoalg/followers","following_url":"https://api.github.com/users/Lugeyoalg/following{/other_user}","gists_url":"https://api.github.com/users/Lugeyoalg/gists{/gist_id}","starred_url":"https://api.github.com/users/Lugeyoalg/starred{/owner}{/repo}","subscriptions_url":"https://api.github.com/users/Lugeyoalg/subscriptions","organizations_url":"https://api.github.com/users/Lugeyoalg/orgs","repos_url":"https://api.github.com/users/Lugeyoalg/repos","events_url":"https://api.github.com/users/Lugeyoalg/events{/privacy}","received_events_url":"https://api.github.com/users/Lugeyoalg/received_events","type":"User","site_admin":false,"name":null,"company":null,"blog":"","location":null,"email":null,"hireable":null,"bio":null,"twitter_username":null,"public_repos":19,"public_gists":0,"followers":0,"following":0,"created_at":"2021-12-07T21:05:47Z","updated_at":"2022-07-11T13:31:18Z","private_gists":0,"total_private_repos":0,"owned_private_repos":0,"disk_usage":369763,"collaborators":0,"two_factor_authentication":false,"plan":{"name":"free","space":976562499,"collaborators":0,"private_repos":10000}}
[info] 
[info] +  Success! Logged into GitHub as Lugeyoalg 
[info] 
[debug] [2022-07-11T13:31:33.213Z] >>> [apiv2][query] GET https://api.github.com/repos//actions/secrets/public-key type=owner
[debug] [2022-07-11T13:31:34.364Z] <<< [apiv2][status] GET https://api.github.com/repos//actions/secrets/public-key 404
[debug] [2022-07-11T13:31:34.365Z] <<< [apiv2][body] GET https://api.github.com/repos//actions/secrets/public-key {"message":"Not Found","documentation_url":"https://docs.github.com/rest"}
